<?xml version="1.0" encoding="UTF-8"?>
<!-- Generated by org.testng.reporters.JUnitReportReporter -->
<testsuite hostname="DESKTOP-11QTGE5" failures="0" tests="1" name="testrunners.EmployeeRegTest" time="5.906" errors="0" timestamp="2024-07-16T20:09:33 IST" skipped="0">
  <testcase classname="testrunners.EmployeeRegTest" name="runScenario" time="5.906"/>
</testsuite> <!-- testrunners.EmployeeRegTest -->
