<?xml version="1.0" encoding="UTF-8"?>
<!-- Generated by org.testng.reporters.JUnitReportReporter -->
<testsuite hostname="DESKTOP-11QTGE5" failures="0" tests="4" name="testrunners.AdminLoginTest" time="12.462" errors="0" timestamp="2024-07-16T20:09:33 IST" skipped="0">
  <testcase classname="testrunners.AdminLoginTest" name="runScenario" time="2.479"/>
  <testcase classname="testrunners.AdminLoginTest" name="runScenario" time="2.725"/>
  <testcase classname="testrunners.AdminLoginTest" name="runScenario" time="5.031"/>
  <testcase classname="testrunners.AdminLoginTest" name="runScenario" time="2.227"/>
</testsuite> <!-- testrunners.AdminLoginTest -->
